0 info it worked if it ends with ok
1 verbose cli [ 'node', '/usr/local/bin/npm', 'install' ]
2 info using npm@1.4.28
3 info using node@v0.10.32
4 verbose readDependencies using package.json deps
5 verbose install where, deps [ '/Users/Vinod/Repository (Repo)/Node.js/translation',
5 verbose install   [ 'express',
5 verbose install     'body-parser',
5 verbose install     'cookie-parser',
5 verbose install     'morgan',
5 verbose install     'serve-favicon',
5 verbose install     'debug',
5 verbose install     'jade' ] ]
6 info preinstall translation@0.0.0
7 verbose readDependencies using package.json deps
8 verbose cache add [ 'body-parser@~1.8.1', null ]
9 verbose cache add name=undefined spec="body-parser@~1.8.1" args=["body-parser@~1.8.1",null]
10 verbose parsed url { protocol: null,
10 verbose parsed url   slashes: null,
10 verbose parsed url   auth: null,
10 verbose parsed url   host: null,
10 verbose parsed url   port: null,
10 verbose parsed url   hostname: null,
10 verbose parsed url   hash: null,
10 verbose parsed url   search: null,
10 verbose parsed url   query: null,
10 verbose parsed url   pathname: 'body-parser@~1.8.1',
10 verbose parsed url   path: 'body-parser@~1.8.1',
10 verbose parsed url   href: 'body-parser@~1.8.1' }
11 verbose cache add [ 'cookie-parser@~1.3.3', null ]
12 verbose cache add name=undefined spec="cookie-parser@~1.3.3" args=["cookie-parser@~1.3.3",null]
13 verbose parsed url { protocol: null,
13 verbose parsed url   slashes: null,
13 verbose parsed url   auth: null,
13 verbose parsed url   host: null,
13 verbose parsed url   port: null,
13 verbose parsed url   hostname: null,
13 verbose parsed url   hash: null,
13 verbose parsed url   search: null,
13 verbose parsed url   query: null,
13 verbose parsed url   pathname: 'cookie-parser@~1.3.3',
13 verbose parsed url   path: 'cookie-parser@~1.3.3',
13 verbose parsed url   href: 'cookie-parser@~1.3.3' }
14 verbose cache add [ 'morgan@~1.3.0', null ]
15 verbose cache add name=undefined spec="morgan@~1.3.0" args=["morgan@~1.3.0",null]
16 verbose parsed url { protocol: null,
16 verbose parsed url   slashes: null,
16 verbose parsed url   auth: null,
16 verbose parsed url   host: null,
16 verbose parsed url   port: null,
16 verbose parsed url   hostname: null,
16 verbose parsed url   hash: null,
16 verbose parsed url   search: null,
16 verbose parsed url   query: null,
16 verbose parsed url   pathname: 'morgan@~1.3.0',
16 verbose parsed url   path: 'morgan@~1.3.0',
16 verbose parsed url   href: 'morgan@~1.3.0' }
17 verbose cache add name="body-parser" spec="~1.8.1" args=["body-parser","~1.8.1"]
18 verbose parsed url { protocol: null,
18 verbose parsed url   slashes: null,
18 verbose parsed url   auth: null,
18 verbose parsed url   host: null,
18 verbose parsed url   port: null,
18 verbose parsed url   hostname: null,
18 verbose parsed url   hash: null,
18 verbose parsed url   search: null,
18 verbose parsed url   query: null,
18 verbose parsed url   pathname: '~1.8.1',
18 verbose parsed url   path: '~1.8.1',
18 verbose parsed url   href: '~1.8.1' }
19 verbose addNamed [ 'body-parser', '~1.8.1' ]
20 verbose addNamed [ null, '>=1.8.1-0 <1.9.0-0' ]
21 verbose cache add name="cookie-parser" spec="~1.3.3" args=["cookie-parser","~1.3.3"]
22 verbose parsed url { protocol: null,
22 verbose parsed url   slashes: null,
22 verbose parsed url   auth: null,
22 verbose parsed url   host: null,
22 verbose parsed url   port: null,
22 verbose parsed url   hostname: null,
22 verbose parsed url   hash: null,
22 verbose parsed url   search: null,
22 verbose parsed url   query: null,
22 verbose parsed url   pathname: '~1.3.3',
22 verbose parsed url   path: '~1.3.3',
22 verbose parsed url   href: '~1.3.3' }
23 verbose addNamed [ 'cookie-parser', '~1.3.3' ]
24 verbose addNamed [ null, '>=1.3.3-0 <1.4.0-0' ]
25 verbose cache add name="morgan" spec="~1.3.0" args=["morgan","~1.3.0"]
26 verbose parsed url { protocol: null,
26 verbose parsed url   slashes: null,
26 verbose parsed url   auth: null,
26 verbose parsed url   host: null,
26 verbose parsed url   port: null,
26 verbose parsed url   hostname: null,
26 verbose parsed url   hash: null,
26 verbose parsed url   search: null,
26 verbose parsed url   query: null,
26 verbose parsed url   pathname: '~1.3.0',
26 verbose parsed url   path: '~1.3.0',
26 verbose parsed url   href: '~1.3.0' }
27 verbose addNamed [ 'morgan', '~1.3.0' ]
28 verbose addNamed [ null, '>=1.3.0-0 <1.4.0-0' ]
29 verbose cache add [ 'serve-favicon@~2.1.3', null ]
30 verbose cache add name=undefined spec="serve-favicon@~2.1.3" args=["serve-favicon@~2.1.3",null]
31 verbose parsed url { protocol: null,
31 verbose parsed url   slashes: null,
31 verbose parsed url   auth: null,
31 verbose parsed url   host: null,
31 verbose parsed url   port: null,
31 verbose parsed url   hostname: null,
31 verbose parsed url   hash: null,
31 verbose parsed url   search: null,
31 verbose parsed url   query: null,
31 verbose parsed url   pathname: 'serve-favicon@~2.1.3',
31 verbose parsed url   path: 'serve-favicon@~2.1.3',
31 verbose parsed url   href: 'serve-favicon@~2.1.3' }
32 verbose cache add [ 'debug@~2.0.0', null ]
33 verbose cache add name=undefined spec="debug@~2.0.0" args=["debug@~2.0.0",null]
34 verbose parsed url { protocol: null,
34 verbose parsed url   slashes: null,
34 verbose parsed url   auth: null,
34 verbose parsed url   host: null,
34 verbose parsed url   port: null,
34 verbose parsed url   hostname: null,
34 verbose parsed url   hash: null,
34 verbose parsed url   search: null,
34 verbose parsed url   query: null,
34 verbose parsed url   pathname: 'debug@~2.0.0',
34 verbose parsed url   path: 'debug@~2.0.0',
34 verbose parsed url   href: 'debug@~2.0.0' }
35 silly lockFile a49948c1-body-parser-1-8-1 body-parser@~1.8.1
36 verbose lock body-parser@~1.8.1 /Users/Vinod/.npm/a49948c1-body-parser-1-8-1.lock
37 silly lockFile bf5babd8-cookie-parser-1-3-3 cookie-parser@~1.3.3
38 verbose lock cookie-parser@~1.3.3 /Users/Vinod/.npm/bf5babd8-cookie-parser-1-3-3.lock
39 silly lockFile a4a9bdf4-morgan-1-3-0 morgan@~1.3.0
40 verbose lock morgan@~1.3.0 /Users/Vinod/.npm/a4a9bdf4-morgan-1-3-0.lock
41 verbose cache add name="serve-favicon" spec="~2.1.3" args=["serve-favicon","~2.1.3"]
42 verbose parsed url { protocol: null,
42 verbose parsed url   slashes: null,
42 verbose parsed url   auth: null,
42 verbose parsed url   host: null,
42 verbose parsed url   port: null,
42 verbose parsed url   hostname: null,
42 verbose parsed url   hash: null,
42 verbose parsed url   search: null,
42 verbose parsed url   query: null,
42 verbose parsed url   pathname: '~2.1.3',
42 verbose parsed url   path: '~2.1.3',
42 verbose parsed url   href: '~2.1.3' }
43 verbose addNamed [ 'serve-favicon', '~2.1.3' ]
44 verbose addNamed [ null, '>=2.1.3-0 <2.2.0-0' ]
45 silly lockFile 38295489-serve-favicon-2-1-3 serve-favicon@~2.1.3
46 verbose lock serve-favicon@~2.1.3 /Users/Vinod/.npm/38295489-serve-favicon-2-1-3.lock
47 verbose cache add [ 'jade@~1.6.0', null ]
48 verbose cache add name=undefined spec="jade@~1.6.0" args=["jade@~1.6.0",null]
49 verbose parsed url { protocol: null,
49 verbose parsed url   slashes: null,
49 verbose parsed url   auth: null,
49 verbose parsed url   host: null,
49 verbose parsed url   port: null,
49 verbose parsed url   hostname: null,
49 verbose parsed url   hash: null,
49 verbose parsed url   search: null,
49 verbose parsed url   query: null,
49 verbose parsed url   pathname: 'jade@~1.6.0',
49 verbose parsed url   path: 'jade@~1.6.0',
49 verbose parsed url   href: 'jade@~1.6.0' }
50 verbose cache add [ 'express@~4.9.0', null ]
51 verbose cache add name=undefined spec="express@~4.9.0" args=["express@~4.9.0",null]
52 verbose parsed url { protocol: null,
52 verbose parsed url   slashes: null,
52 verbose parsed url   auth: null,
52 verbose parsed url   host: null,
52 verbose parsed url   port: null,
52 verbose parsed url   hostname: null,
52 verbose parsed url   hash: null,
52 verbose parsed url   search: null,
52 verbose parsed url   query: null,
52 verbose parsed url   pathname: 'express@~4.9.0',
52 verbose parsed url   path: 'express@~4.9.0',
52 verbose parsed url   href: 'express@~4.9.0' }
53 verbose cache add name="debug" spec="~2.0.0" args=["debug","~2.0.0"]
54 verbose parsed url { protocol: null,
54 verbose parsed url   slashes: null,
54 verbose parsed url   auth: null,
54 verbose parsed url   host: null,
54 verbose parsed url   port: null,
54 verbose parsed url   hostname: null,
54 verbose parsed url   hash: null,
54 verbose parsed url   search: null,
54 verbose parsed url   query: null,
54 verbose parsed url   pathname: '~2.0.0',
54 verbose parsed url   path: '~2.0.0',
54 verbose parsed url   href: '~2.0.0' }
55 verbose addNamed [ 'debug', '~2.0.0' ]
56 verbose addNamed [ null, '>=2.0.0-0 <2.1.0-0' ]
57 silly lockFile 12b6356d-debug-2-0-0 debug@~2.0.0
58 verbose lock debug@~2.0.0 /Users/Vinod/.npm/12b6356d-debug-2-0-0.lock
59 verbose cache add name="jade" spec="~1.6.0" args=["jade","~1.6.0"]
60 verbose parsed url { protocol: null,
60 verbose parsed url   slashes: null,
60 verbose parsed url   auth: null,
60 verbose parsed url   host: null,
60 verbose parsed url   port: null,
60 verbose parsed url   hostname: null,
60 verbose parsed url   hash: null,
60 verbose parsed url   search: null,
60 verbose parsed url   query: null,
60 verbose parsed url   pathname: '~1.6.0',
60 verbose parsed url   path: '~1.6.0',
60 verbose parsed url   href: '~1.6.0' }
61 verbose addNamed [ 'jade', '~1.6.0' ]
62 verbose addNamed [ null, '>=1.6.0-0 <1.7.0-0' ]
63 silly lockFile ad8c17a8-jade-1-6-0 jade@~1.6.0
64 verbose lock jade@~1.6.0 /Users/Vinod/.npm/ad8c17a8-jade-1-6-0.lock
65 verbose cache add name="express" spec="~4.9.0" args=["express","~4.9.0"]
66 verbose parsed url { protocol: null,
66 verbose parsed url   slashes: null,
66 verbose parsed url   auth: null,
66 verbose parsed url   host: null,
66 verbose parsed url   port: null,
66 verbose parsed url   hostname: null,
66 verbose parsed url   hash: null,
66 verbose parsed url   search: null,
66 verbose parsed url   query: null,
66 verbose parsed url   pathname: '~4.9.0',
66 verbose parsed url   path: '~4.9.0',
66 verbose parsed url   href: '~4.9.0' }
67 verbose addNamed [ 'express', '~4.9.0' ]
68 verbose addNamed [ null, '>=4.9.0-0 <4.10.0-0' ]
69 silly lockFile 6ae7fa08-express-4-9-0 express@~4.9.0
70 verbose lock express@~4.9.0 /Users/Vinod/.npm/6ae7fa08-express-4-9-0.lock
71 silly addNameRange { name: 'body-parser',
71 silly addNameRange   range: '>=1.8.1-0 <1.9.0-0',
71 silly addNameRange   hasData: false }
72 silly addNameRange { name: 'cookie-parser',
72 silly addNameRange   range: '>=1.3.3-0 <1.4.0-0',
72 silly addNameRange   hasData: false }
73 silly addNameRange { name: 'morgan', range: '>=1.3.0-0 <1.4.0-0', hasData: false }
74 silly addNameRange { name: 'serve-favicon',
74 silly addNameRange   range: '>=2.1.3-0 <2.2.0-0',
74 silly addNameRange   hasData: false }
75 silly addNameRange { name: 'debug', range: '>=2.0.0-0 <2.1.0-0', hasData: false }
76 verbose request where is /cookie-parser
77 verbose request registry https://registry.npmjs.org/
78 verbose request id 7f59d44c542c40f1
79 verbose url raw /cookie-parser
80 verbose url resolving [ 'https://registry.npmjs.org/', './cookie-parser' ]
81 verbose url resolved https://registry.npmjs.org/cookie-parser
82 verbose request where is https://registry.npmjs.org/cookie-parser
83 info trying registry request attempt 1 at 23:49:54
84 http GET https://registry.npmjs.org/cookie-parser
85 verbose request where is /morgan
86 verbose request registry https://registry.npmjs.org/
87 verbose url raw /morgan
88 verbose url resolving [ 'https://registry.npmjs.org/', './morgan' ]
89 verbose url resolved https://registry.npmjs.org/morgan
90 verbose request where is https://registry.npmjs.org/morgan
91 info trying registry request attempt 1 at 23:49:54
92 http GET https://registry.npmjs.org/morgan
93 verbose request where is /serve-favicon
94 verbose request registry https://registry.npmjs.org/
95 verbose url raw /serve-favicon
96 verbose url resolving [ 'https://registry.npmjs.org/', './serve-favicon' ]
97 verbose url resolved https://registry.npmjs.org/serve-favicon
98 verbose request where is https://registry.npmjs.org/serve-favicon
99 info trying registry request attempt 1 at 23:49:54
100 http GET https://registry.npmjs.org/serve-favicon
101 silly addNameRange { name: 'jade', range: '>=1.6.0-0 <1.7.0-0', hasData: false }
102 silly addNameRange { name: 'express', range: '>=4.9.0-0 <4.10.0-0', hasData: false }
103 verbose request where is /body-parser
104 verbose request registry https://registry.npmjs.org/
105 verbose url raw /body-parser
106 verbose url resolving [ 'https://registry.npmjs.org/', './body-parser' ]
107 verbose url resolved https://registry.npmjs.org/body-parser
108 verbose request where is https://registry.npmjs.org/body-parser
109 info trying registry request attempt 1 at 23:49:54
110 verbose etag "3P127F76B4A5NKEX7LEWRZUBV"
111 http GET https://registry.npmjs.org/body-parser
112 verbose request where is /debug
113 verbose request registry https://registry.npmjs.org/
114 verbose url raw /debug
115 verbose url resolving [ 'https://registry.npmjs.org/', './debug' ]
116 verbose url resolved https://registry.npmjs.org/debug
117 verbose request where is https://registry.npmjs.org/debug
118 info trying registry request attempt 1 at 23:49:54
119 verbose etag "EWQK2OLCUA4CKMN5129HSUFY1"
120 http GET https://registry.npmjs.org/debug
121 verbose request where is /jade
122 verbose request registry https://registry.npmjs.org/
123 verbose url raw /jade
124 verbose url resolving [ 'https://registry.npmjs.org/', './jade' ]
125 verbose url resolved https://registry.npmjs.org/jade
126 verbose request where is https://registry.npmjs.org/jade
127 info trying registry request attempt 1 at 23:49:57
128 verbose etag "2O8A36TZF8FAVX35MDT0V2IQJ"
129 http GET https://registry.npmjs.org/jade
130 verbose request where is /express
131 verbose request registry https://registry.npmjs.org/
132 verbose url raw /express
133 verbose url resolving [ 'https://registry.npmjs.org/', './express' ]
134 verbose url resolved https://registry.npmjs.org/express
135 verbose request where is https://registry.npmjs.org/express
136 info trying registry request attempt 1 at 23:49:57
137 verbose etag "DUDRFKN4X1C0U47H5XO3IQFWF"
138 http GET https://registry.npmjs.org/express
139 http 304 https://registry.npmjs.org/debug
140 silly registry.get cb [ 304,
140 silly registry.get   { date: 'Mon, 06 Oct 2014 21:49:57 GMT',
140 silly registry.get     server: 'Apache',
140 silly registry.get     via: '1.1 varnish',
140 silly registry.get     'last-modified': 'Mon, 06 Oct 2014 21:49:46 GMT',
140 silly registry.get     'cache-control': 'max-age=60',
140 silly registry.get     etag: '"EWQK2OLCUA4CKMN5129HSUFY1"',
140 silly registry.get     'x-served-by': 'cache-ams4133-AMS',
140 silly registry.get     'x-cache': 'HIT',
140 silly registry.get     'x-cache-hits': '2',
140 silly registry.get     'x-timer': 'S1412632197.371877,VS0,VE0',
140 silly registry.get     vary: 'Accept',
140 silly registry.get     'content-length': '0',
140 silly registry.get     'keep-alive': 'timeout=10, max=50',
140 silly registry.get     connection: 'Keep-Alive' } ]
141 verbose etag https://registry.npmjs.org/debug from cache
142 silly addNameRange number 2 { name: 'debug', range: '>=2.0.0-0 <2.1.0-0', hasData: true }
143 silly addNameRange versions [ 'debug',
143 silly addNameRange   [ '0.0.1',
143 silly addNameRange     '0.1.0',
143 silly addNameRange     '0.2.0',
143 silly addNameRange     '0.3.0',
143 silly addNameRange     '0.4.0',
143 silly addNameRange     '0.4.1',
143 silly addNameRange     '0.5.0',
143 silly addNameRange     '0.6.0',
143 silly addNameRange     '0.7.0',
143 silly addNameRange     '0.7.1',
143 silly addNameRange     '0.7.2',
143 silly addNameRange     '0.7.3',
143 silly addNameRange     '0.7.4',
143 silly addNameRange     '0.8.0',
143 silly addNameRange     '0.8.1',
143 silly addNameRange     '1.0.0',
143 silly addNameRange     '1.0.1',
143 silly addNameRange     '1.0.2',
143 silly addNameRange     '1.0.3',
143 silly addNameRange     '1.0.4',
143 silly addNameRange     '2.0.0' ] ]
144 verbose addNamed [ 'debug', '2.0.0' ]
145 verbose addNamed [ '2.0.0', '2.0.0' ]
146 silly lockFile 095bd820-debug-2-0-0 debug@2.0.0
147 verbose lock debug@2.0.0 /Users/Vinod/.npm/095bd820-debug-2-0-0.lock
148 http 200 https://registry.npmjs.org/serve-favicon
149 silly registry.get cb [ 200,
149 silly registry.get   { date: 'Mon, 06 Oct 2014 21:49:57 GMT',
149 silly registry.get     server: 'CouchDB/1.5.0 (Erlang OTP/R16B03)',
149 silly registry.get     etag: '"7DE7XCB1YNR2K4M0V914W2FL0"',
149 silly registry.get     'content-type': 'application/json',
149 silly registry.get     'cache-control': 'max-age=60',
149 silly registry.get     'content-length': '15400',
149 silly registry.get     'accept-ranges': 'bytes',
149 silly registry.get     via: '1.1 varnish',
149 silly registry.get     age: '2321',
149 silly registry.get     'x-served-by': 'cache-ams4123-AMS',
149 silly registry.get     'x-cache': 'HIT',
149 silly registry.get     'x-cache-hits': '1',
149 silly registry.get     'x-timer': 'S1412632197.370833,VS0,VE0',
149 silly registry.get     vary: 'Accept',
149 silly registry.get     'keep-alive': 'timeout=10, max=50',
149 silly registry.get     connection: 'Keep-Alive' } ]
150 http 200 https://registry.npmjs.org/morgan
151 silly registry.get cb [ 200,
151 silly registry.get   { date: 'Mon, 06 Oct 2014 21:49:57 GMT',
151 silly registry.get     server: 'CouchDB/1.5.0 (Erlang OTP/R16B03)',
151 silly registry.get     etag: '"8ELLH52SOJI9QYW7H7RPI0VL0"',
151 silly registry.get     'content-type': 'application/json',
151 silly registry.get     'cache-control': 'max-age=60',
151 silly registry.get     'content-length': '24325',
151 silly registry.get     'accept-ranges': 'bytes',
151 silly registry.get     via: '1.1 varnish',
151 silly registry.get     age: '1988',
151 silly registry.get     'x-served-by': 'cache-ams4125-AMS',
151 silly registry.get     'x-cache': 'HIT',
151 silly registry.get     'x-cache-hits': '1',
151 silly registry.get     'x-timer': 'S1412632197.371387,VS0,VE0',
151 silly registry.get     vary: 'Accept',
151 silly registry.get     'keep-alive': 'timeout=10, max=50',
151 silly registry.get     connection: 'Keep-Alive' } ]
152 http 304 https://registry.npmjs.org/jade
153 silly registry.get cb [ 304,
153 silly registry.get   { date: 'Mon, 06 Oct 2014 21:49:57 GMT',
153 silly registry.get     server: 'Apache',
153 silly registry.get     via: '1.1 varnish',
153 silly registry.get     'last-modified': 'Mon, 06 Oct 2014 21:49:57 GMT',
153 silly registry.get     'cache-control': 'max-age=60',
153 silly registry.get     etag: '"2O8A36TZF8FAVX35MDT0V2IQJ"',
153 silly registry.get     'x-served-by': 'cache-ams4133-AMS',
153 silly registry.get     'x-cache': 'HIT',
153 silly registry.get     'x-cache-hits': '1',
153 silly registry.get     'x-timer': 'S1412632197.386491,VS0,VE1',
153 silly registry.get     vary: 'Accept',
153 silly registry.get     'content-length': '0',
153 silly registry.get     'keep-alive': 'timeout=10, max=49',
153 silly registry.get     connection: 'Keep-Alive' } ]
154 verbose etag https://registry.npmjs.org/jade from cache
155 http 200 https://registry.npmjs.org/body-parser
156 silly registry.get cb [ 200,
156 silly registry.get   { date: 'Mon, 06 Oct 2014 21:49:57 GMT',
156 silly registry.get     server: 'CouchDB/1.5.0 (Erlang OTP/R16B03)',
156 silly registry.get     etag: '"2Z3MRRW3UTD2PGDGVXU6ZKF4D"',
156 silly registry.get     'content-type': 'application/json',
156 silly registry.get     'cache-control': 'max-age=60',
156 silly registry.get     'content-length': '67602',
156 silly registry.get     'accept-ranges': 'bytes',
156 silly registry.get     via: '1.1 varnish',
156 silly registry.get     age: '92',
156 silly registry.get     'x-served-by': 'cache-ams4130-AMS',
156 silly registry.get     'x-cache': 'HIT',
156 silly registry.get     'x-cache-hits': '1',
156 silly registry.get     'x-timer': 'S1412632197.369274,VS0,VE0',
156 silly registry.get     vary: 'Accept',
156 silly registry.get     'keep-alive': 'timeout=10, max=50',
156 silly registry.get     connection: 'Keep-Alive' } ]
157 http 304 https://registry.npmjs.org/express
158 silly registry.get cb [ 304,
158 silly registry.get   { date: 'Mon, 06 Oct 2014 21:49:57 GMT',
158 silly registry.get     server: 'Apache',
158 silly registry.get     via: '1.1 varnish',
158 silly registry.get     'last-modified': 'Mon, 06 Oct 2014 21:49:57 GMT',
158 silly registry.get     'cache-control': 'max-age=60',
158 silly registry.get     etag: '"DUDRFKN4X1C0U47H5XO3IQFWF"',
158 silly registry.get     'x-served-by': 'cache-ams4123-AMS',
158 silly registry.get     'x-cache': 'HIT',
158 silly registry.get     'x-cache-hits': '1',
158 silly registry.get     'x-timer': 'S1412632197.399701,VS0,VE1',
158 silly registry.get     vary: 'Accept',
158 silly registry.get     'content-length': '0',
158 silly registry.get     'keep-alive': 'timeout=10, max=49',
158 silly registry.get     connection: 'Keep-Alive' } ]
159 verbose etag https://registry.npmjs.org/express from cache
160 silly lockFile 095bd820-debug-2-0-0 debug@2.0.0
161 silly lockFile 095bd820-debug-2-0-0 debug@2.0.0
162 silly addNameRange number 2 { name: 'serve-favicon',
162 silly addNameRange   range: '>=2.1.3-0 <2.2.0-0',
162 silly addNameRange   hasData: true }
163 silly addNameRange versions [ 'serve-favicon',
163 silly addNameRange   [ '2.0.0',
163 silly addNameRange     '2.0.1',
163 silly addNameRange     '2.1.0',
163 silly addNameRange     '2.1.1',
163 silly addNameRange     '2.1.2',
163 silly addNameRange     '2.1.3',
163 silly addNameRange     '2.1.4',
163 silly addNameRange     '2.1.5' ] ]
164 verbose addNamed [ 'serve-favicon', '2.1.5' ]
165 verbose addNamed [ '2.1.5', '2.1.5' ]
166 silly lockFile f49d9e7e-serve-favicon-2-1-5 serve-favicon@2.1.5
167 verbose lock serve-favicon@2.1.5 /Users/Vinod/.npm/f49d9e7e-serve-favicon-2-1-5.lock
168 silly addNameRange number 2 { name: 'morgan', range: '>=1.3.0-0 <1.4.0-0', hasData: true }
169 silly addNameRange versions [ 'morgan',
169 silly addNameRange   [ '1.0.0',
169 silly addNameRange     '1.0.1',
169 silly addNameRange     '1.1.0',
169 silly addNameRange     '1.1.1',
169 silly addNameRange     '1.2.0',
169 silly addNameRange     '1.2.1',
169 silly addNameRange     '1.2.2',
169 silly addNameRange     '1.2.3',
169 silly addNameRange     '1.3.0',
169 silly addNameRange     '1.3.1',
169 silly addNameRange     '1.3.2' ] ]
170 verbose addNamed [ 'morgan', '1.3.2' ]
171 verbose addNamed [ '1.3.2', '1.3.2' ]
172 silly lockFile 7e2b41c6-morgan-1-3-2 morgan@1.3.2
173 verbose lock morgan@1.3.2 /Users/Vinod/.npm/7e2b41c6-morgan-1-3-2.lock
174 silly lockFile 12b6356d-debug-2-0-0 debug@~2.0.0
175 silly lockFile 12b6356d-debug-2-0-0 debug@~2.0.0
176 silly addNameRange number 2 { name: 'jade', range: '>=1.6.0-0 <1.7.0-0', hasData: true }
177 silly addNameRange versions [ 'jade',
177 silly addNameRange   [ '0.0.1',
177 silly addNameRange     '0.0.2',
177 silly addNameRange     '0.1.0',
177 silly addNameRange     '0.2.0',
177 silly addNameRange     '0.2.1',
177 silly addNameRange     '0.2.2',
177 silly addNameRange     '0.2.3',
177 silly addNameRange     '0.2.4',
177 silly addNameRange     '0.3.0',
177 silly addNameRange     '0.4.0',
177 silly addNameRange     '0.4.1',
177 silly addNameRange     '0.5.0',
177 silly addNameRange     '0.5.1',
177 silly addNameRange     '0.5.2',
177 silly addNameRange     '0.5.3',
177 silly addNameRange     '0.5.4',
177 silly addNameRange     '0.5.5',
177 silly addNameRange     '0.5.6',
177 silly addNameRange     '0.5.7',
177 silly addNameRange     '0.6.0',
177 silly addNameRange     '0.6.1',
177 silly addNameRange     '0.6.3',
177 silly addNameRange     '0.7.0',
177 silly addNameRange     '0.7.1',
177 silly addNameRange     '0.8.0',
177 silly addNameRange     '0.8.1',
177 silly addNameRange     '0.8.2',
177 silly addNameRange     '0.8.3',
177 silly addNameRange     '0.8.4',
177 silly addNameRange     '0.8.5',
177 silly addNameRange     '0.8.6',
177 silly addNameRange     '0.8.7',
177 silly addNameRange     '0.8.8',
177 silly addNameRange     '0.8.9',
177 silly addNameRange     '0.9.0',
177 silly addNameRange     '0.9.1',
177 silly addNameRange     '0.9.2',
177 silly addNameRange     '0.9.3',
177 silly addNameRange     '0.10.0',
177 silly addNameRange     '0.10.1',
177 silly addNameRange     '0.10.2',
177 silly addNameRange     '0.10.3',
177 silly addNameRange     '0.10.4',
177 silly addNameRange     '0.10.5',
177 silly addNameRange     '0.10.6',
177 silly addNameRange     '0.10.7',
177 silly addNameRange     '0.11.0',
177 silly addNameRange     '0.11.1',
177 silly addNameRange     '0.12.0',
177 silly addNameRange     '0.12.1',
177 silly addNameRange     '0.12.2',
177 silly addNameRange     '0.12.3',
177 silly addNameRange     '0.12.4',
177 silly addNameRange     '0.13.0',
177 silly addNameRange     '0.14.0',
177 silly addNameRange     '0.14.1',
177 silly addNameRange     '0.14.2',
177 silly addNameRange     '0.15.0',
177 silly addNameRange     '0.15.1',
177 silly addNameRange     '0.15.2',
177 silly addNameRange     '0.15.3',
177 silly addNameRange     '0.15.4',
177 silly addNameRange     '0.16.0',
177 silly addNameRange     '0.16.1',
177 silly addNameRange     '0.16.2',
177 silly addNameRange     '0.16.3',
177 silly addNameRange     '0.16.4',
177 silly addNameRange     '0.17.0',
177 silly addNameRange     '0.18.0',
177 silly addNameRange     '0.19.0',
177 silly addNameRange     '0.20.0',
177 silly addNameRange     '0.20.1',
177 silly addNameRange     '0.20.2',
177 silly addNameRange     '0.20.3',
177 silly addNameRange     '0.21.0',
177 silly addNameRange     '0.22.0',
177 silly addNameRange     '0.22.1',
177 silly addNameRange     '0.23.0',
177 silly addNameRange     '0.24.0',
177 silly addNameRange     '0.25.0',
177 silly addNameRange     '0.26.0',
177 silly addNameRange     '0.26.1',
177 silly addNameRange     '0.26.2',
177 silly addNameRange     '0.26.3',
177 silly addNameRange     '0.27.0',
177 silly addNameRange     '0.27.1',
177 silly addNameRange     '0.27.2',
177 silly addNameRange     '0.27.3',
177 silly addNameRange     '0.27.4',
177 silly addNameRange     '0.27.5',
177 silly addNameRange     '0.27.6',
177 silly addNameRange     '0.27.7',
177 silly addNameRange     '0.28.0',
177 silly addNameRange     '0.28.1',
177 silly addNameRange     '0.28.2',
177 silly addNameRange     '0.29.0',
177 silly addNameRange     '0.30.0',
177 silly addNameRange     '0.31.0',
177 silly addNameRange     '0.31.1',
177 silly addNameRange     '0.31.2',
177 silly addNameRange     '0.32.0',
177 silly addNameRange     '0.33.0',
177 silly addNameRange     '0.34.0',
177 silly addNameRange     '0.34.1',
177 silly addNameRange     '0.35.0',
177 silly addNameRange     '1.0.0',
177 silly addNameRange     '1.0.1',
177 silly addNameRange     '1.0.2',
177 silly addNameRange     '1.1.0',
177 silly addNameRange     '1.1.1',
177 silly addNameRange     '1.1.2',
177 silly addNameRange     '1.1.3',
177 silly addNameRange     '1.1.4',
177 silly addNameRange     '1.1.5',
177 silly addNameRange     '1.2.0',
177 silly addNameRange     '1.3.0',
177 silly addNameRange     '1.3.1',
177 silly addNameRange     '1.4.0',
177 silly addNameRange     '1.4.1',
177 silly addNameRange     '1.4.2',
177 silly addNameRange     '1.5.0',
177 silly addNameRange     '1.6.0',
177 silly addNameRange     '1.7.0' ] ]
178 verbose addNamed [ 'jade', '1.6.0' ]
179 verbose addNamed [ '1.6.0', '1.6.0' ]
180 silly lockFile c06071bd-jade-1-6-0 jade@1.6.0
181 verbose lock jade@1.6.0 /Users/Vinod/.npm/c06071bd-jade-1-6-0.lock
182 silly addNameRange number 2 { name: 'body-parser',
182 silly addNameRange   range: '>=1.8.1-0 <1.9.0-0',
182 silly addNameRange   hasData: true }
183 silly addNameRange versions [ 'body-parser',
183 silly addNameRange   [ '1.0.0',
183 silly addNameRange     '1.0.1',
183 silly addNameRange     '1.0.2',
183 silly addNameRange     '1.1.0',
183 silly addNameRange     '1.1.1',
183 silly addNameRange     '1.1.2',
183 silly addNameRange     '1.2.0',
183 silly addNameRange     '1.2.1',
183 silly addNameRange     '1.2.2',
183 silly addNameRange     '1.3.0',
183 silly addNameRange     '1.3.1',
183 silly addNameRange     '1.4.0',
183 silly addNameRange     '1.4.1',
183 silly addNameRange     '1.4.2',
183 silly addNameRange     '1.4.3',
183 silly addNameRange     '1.5.0',
183 silly addNameRange     '1.5.1',
183 silly addNameRange     '1.5.2',
183 silly addNameRange     '1.6.0',
183 silly addNameRange     '1.6.1',
183 silly addNameRange     '1.6.2',
183 silly addNameRange     '1.6.3',
183 silly addNameRange     '1.6.4',
183 silly addNameRange     '1.6.5',
183 silly addNameRange     '1.6.6',
183 silly addNameRange     '1.6.7',
183 silly addNameRange     '1.7.0',
183 silly addNameRange     '1.8.0',
183 silly addNameRange     '1.8.1',
183 silly addNameRange     '1.8.2',
183 silly addNameRange     '1.8.3',
183 silly addNameRange     '1.8.4',
183 silly addNameRange     '1.9.0' ] ]
184 verbose addNamed [ 'body-parser', '1.8.4' ]
185 verbose addNamed [ '1.8.4', '1.8.4' ]
186 silly lockFile 5cba912c-body-parser-1-8-4 body-parser@1.8.4
187 verbose lock body-parser@1.8.4 /Users/Vinod/.npm/5cba912c-body-parser-1-8-4.lock
188 silly lockFile 13055578--favicon-serve-favicon-2-1-5-tgz https://registry.npmjs.org/serve-favicon/-/serve-favicon-2.1.5.tgz
189 verbose lock https://registry.npmjs.org/serve-favicon/-/serve-favicon-2.1.5.tgz /Users/Vinod/.npm/13055578--favicon-serve-favicon-2-1-5-tgz.lock
190 silly lockFile cac8e271-pmjs-org-morgan-morgan-1-3-2-tgz https://registry.npmjs.org/morgan/-/morgan-1.3.2.tgz
191 verbose lock https://registry.npmjs.org/morgan/-/morgan-1.3.2.tgz /Users/Vinod/.npm/cac8e271-pmjs-org-morgan-morgan-1-3-2-tgz.lock
192 silly addNameRange number 2 { name: 'express', range: '>=4.9.0-0 <4.10.0-0', hasData: true }
193 silly addNameRange versions [ 'express',
193 silly addNameRange   [ '0.14.0',
193 silly addNameRange     '0.14.1',
193 silly addNameRange     '1.0.0',
193 silly addNameRange     '1.0.1',
193 silly addNameRange     '1.0.2',
193 silly addNameRange     '1.0.3',
193 silly addNameRange     '1.0.4',
193 silly addNameRange     '1.0.5',
193 silly addNameRange     '1.0.6',
193 silly addNameRange     '1.0.7',
193 silly addNameRange     '1.0.8',
193 silly addNameRange     '2.0.0',
193 silly addNameRange     '2.1.0',
193 silly addNameRange     '2.1.1',
193 silly addNameRange     '2.2.0',
193 silly addNameRange     '2.2.1',
193 silly addNameRange     '2.2.2',
193 silly addNameRange     '2.3.0',
193 silly addNameRange     '2.3.1',
193 silly addNameRange     '2.3.2',
193 silly addNameRange     '2.3.3',
193 silly addNameRange     '2.3.4',
193 silly addNameRange     '2.3.5',
193 silly addNameRange     '2.3.6',
193 silly addNameRange     '2.3.7',
193 silly addNameRange     '2.3.8',
193 silly addNameRange     '2.3.9',
193 silly addNameRange     '2.3.10',
193 silly addNameRange     '2.3.11',
193 silly addNameRange     '2.3.12',
193 silly addNameRange     '2.4.0',
193 silly addNameRange     '2.4.1',
193 silly addNameRange     '2.4.2',
193 silly addNameRange     '2.4.3',
193 silly addNameRange     '2.4.4',
193 silly addNameRange     '2.4.5',
193 silly addNameRange     '2.4.6',
193 silly addNameRange     '2.4.7',
193 silly addNameRange     '2.5.0',
193 silly addNameRange     '2.5.1',
193 silly addNameRange     '2.5.2',
193 silly addNameRange     '2.5.3',
193 silly addNameRange     '2.5.4',
193 silly addNameRange     '2.5.5',
193 silly addNameRange     '2.5.6',
193 silly addNameRange     '2.5.7',
193 silly addNameRange     '2.5.8',
193 silly addNameRange     '2.5.9',
193 silly addNameRange     '2.5.10',
193 silly addNameRange     '2.5.11',
193 silly addNameRange     '3.0.0',
193 silly addNameRange     '3.0.1',
193 silly addNameRange     '3.0.2',
193 silly addNameRange     '3.0.3',
193 silly addNameRange     '3.0.4',
193 silly addNameRange     '3.0.5',
193 silly addNameRange     '3.0.6',
193 silly addNameRange     '3.1.0',
193 silly addNameRange     '3.1.1',
193 silly addNameRange     '3.1.2',
193 silly addNameRange     '3.2.0',
193 silly addNameRange     '3.2.1',
193 silly addNameRange     '3.2.2',
193 silly addNameRange     '3.2.3',
193 silly addNameRange     '3.2.4',
193 silly addNameRange     '3.2.5',
193 silly addNameRange     '3.2.6',
193 silly addNameRange     '3.3.0',
193 silly addNameRange     '3.3.1',
193 silly addNameRange     '3.3.2',
193 silly addNameRange     '3.3.3',
193 silly addNameRange     '3.3.4',
193 silly addNameRange     '3.3.5',
193 silly addNameRange     '3.3.6',
193 silly addNameRange     '1.0.0-beta',
193 silly addNameRange     '1.0.0-beta2',
193 silly addNameRange     '1.0.0-rc',
193 silly addNameRange     '1.0.0-rc2',
193 silly addNameRange     '1.0.0-rc3',
193 silly addNameRange     '1.0.0-rc4',
193 silly addNameRange     '2.0.0-beta',
193 silly addNameRange     '2.0.0-beta2',
193 silly addNameRange     '2.0.0-beta3',
193 silly addNameRange     '2.0.0-rc',
193 silly addNameRange     '2.0.0-rc2',
193 silly addNameRange     '2.0.0-rc3',
193 silly addNameRange     '3.0.0-alpha1',
193 silly addNameRange     '3.0.0-alpha2',
193 silly addNameRange     '3.0.0-alpha3',
193 silly addNameRange     '3.0.0-alpha4',
193 silly addNameRange     '3.0.0-alpha5',
193 silly addNameRange     '3.0.0-beta1',
193 silly addNameRange     '3.0.0-beta2',
193 silly addNameRange     '3.0.0-beta3',
193 silly addNameRange     '3.0.0-beta4',
193 silly addNameRange     '3.0.0-beta6',
193 silly addNameRange     '3.0.0-beta7',
193 silly addNameRange     '3.0.0-rc1',
193 silly addNameRange     '3.0.0-rc2',
193 silly addNameRange     '3.0.0-rc3',
193 silly addNameRange     '3.0.0-rc4',
193 silly addNameRange     '3.0.0-rc5',
193 silly addNameRange     '3.3.7',
193 silly addNameRange     '3.3.8',
193 silly addNameRange     '3.4.0',
193 silly addNameRange     '3.4.1',
193 silly addNameRange     '3.4.2',
193 silly addNameRange     '3.4.3',
193 silly addNameRange     '3.4.4',
193 silly addNameRange     '3.4.5',
193 silly addNameRange     '3.4.6',
193 silly addNameRange     '3.4.7',
193 silly addNameRange     '3.4.8',
193 silly addNameRange     '4.0.0-rc1',
193 silly addNameRange     '4.0.0-rc2',
193 silly addNameRange     '3.5.0',
193 silly addNameRange     '4.0.0-rc3',
193 silly addNameRange     '4.0.0-rc4',
193 silly addNameRange     '3.5.1',
193 silly addNameRange     '4.0.0',
193 silly addNameRange     '3.5.2',
193 silly addNameRange     '4.1.0',
193 silly addNameRange     '4.1.1',
193 silly addNameRange     '3.5.3',
193 silly addNameRange     '4.1.2',
193 silly addNameRange     '3.6.0',
193 silly addNameRange     '4.2.0',
193 silly addNameRange     '3.7.0',
193 silly addNameRange     '3.8.0',
193 silly addNameRange     '4.3.0',
193 silly addNameRange     '4.3.1',
193 silly addNameRange     '3.8.1',
193 silly addNameRange     '4.3.2',
193 silly addNameRange     '3.9.0',
193 silly addNameRange     '4.4.0',
193 silly addNameRange     '4.4.1',
193 silly addNameRange     '3.10.0',
193 silly addNameRange     '3.10.1',
193 silly addNameRange     '3.10.2',
193 silly addNameRange     '3.10.3',
193 silly addNameRange     '3.10.4',
193 silly addNameRange     '4.4.2',
193 silly addNameRange     '3.10.5',
193 silly addNameRange     '4.4.3',
193 silly addNameRange     '3.11.0',
193 silly addNameRange     '4.4.4',
193 silly addNameRange     '3.12.0',
193 silly addNameRange     '3.12.1',
193 silly addNameRange     '4.4.5',
193 silly addNameRange     '3.13.0',
193 silly addNameRange     '4.5.0',
193 silly addNameRange     '4.5.1',
193 silly addNameRange     '3.14.0',
193 silly addNameRange     '4.6.0',
193 silly addNameRange     '4.6.1',
193 silly addNameRange     '3.15.0',
193 silly addNameRange     '4.7.0',
193 silly addNameRange     '3.15.1',
193 silly addNameRange     '4.7.1',
193 silly addNameRange     '3.15.2',
193 silly addNameRange     '4.7.2',
193 silly addNameRange     '4.7.3',
193 silly addNameRange     '3.15.3',
193 silly addNameRange     '4.7.4',
193 silly addNameRange     '3.16.0',
193 silly addNameRange     '4.8.0',
193 silly addNameRange     '3.16.1',
193 silly addNameRange     '4.8.1',
193 silly addNameRange     '3.16.2',
193 silly addNameRange     '4.8.2',
193 silly addNameRange     '3.16.3',
193 silly addNameRange     '3.16.4',
193 silly addNameRange     '4.8.3',
193 silly addNameRange     '3.16.5',
193 silly addNameRange     '3.16.6',
193 silly addNameRange     '4.8.4',
193 silly addNameRange     '3.16.7',
193 silly addNameRange     '4.8.5',
193 silly addNameRange     '3.16.8',
193 silly addNameRange     '4.8.6',
193 silly addNameRange     '3.16.9',
193 silly addNameRange     '4.8.7',
193 silly addNameRange     '3.16.10',
193 silly addNameRange     '4.8.8',
193 silly addNameRange     '3.17.0',
193 silly addNameRange     '3.17.1',
193 silly addNameRange     '4.9.0',
193 silly addNameRange     '3.17.2',
193 silly addNameRange     '4.9.1',
193 silly addNameRange     '4.9.2',
193 silly addNameRange     '3.17.3',
193 silly addNameRange     '4.9.3',
193 silly addNameRange     '3.17.4',
193 silly addNameRange     '4.9.4',
193 silly addNameRange     '3.17.5',
193 silly addNameRange     '4.9.5',
193 silly addNameRange     '3.17.6' ] ]
194 verbose addNamed [ 'express', '4.9.5' ]
195 verbose addNamed [ '4.9.5', '4.9.5' ]
196 silly lockFile f27a90a0-express-4-9-5 express@4.9.5
197 verbose lock express@4.9.5 /Users/Vinod/.npm/f27a90a0-express-4-9-5.lock
198 silly lockFile 7bdc82f5-ry-npmjs-org-jade-jade-1-6-0-tgz https://registry.npmjs.org/jade/-/jade-1.6.0.tgz
199 verbose lock https://registry.npmjs.org/jade/-/jade-1.6.0.tgz /Users/Vinod/.npm/7bdc82f5-ry-npmjs-org-jade-jade-1-6-0-tgz.lock
200 verbose addRemoteTarball [ 'https://registry.npmjs.org/morgan/-/morgan-1.3.2.tgz',
200 verbose addRemoteTarball   'ac41aa15221ee4e5f2ac843896b6918139a18efd' ]
201 verbose addRemoteTarball [ 'https://registry.npmjs.org/serve-favicon/-/serve-favicon-2.1.5.tgz',
201 verbose addRemoteTarball   '8eba1830890bddbbf042e8d5c6456c7d004f6175' ]
202 silly lockFile 58a51cf2-ody-parser-body-parser-1-8-4-tgz https://registry.npmjs.org/body-parser/-/body-parser-1.8.4.tgz
203 verbose lock https://registry.npmjs.org/body-parser/-/body-parser-1.8.4.tgz /Users/Vinod/.npm/58a51cf2-ody-parser-body-parser-1-8-4-tgz.lock
204 verbose addRemoteTarball [ 'https://registry.npmjs.org/jade/-/jade-1.6.0.tgz',
204 verbose addRemoteTarball   'c02540cd97b1014db3c15743746bc3dcd54170f9' ]
205 verbose addRemoteTarball [ 'https://registry.npmjs.org/body-parser/-/body-parser-1.8.4.tgz',
205 verbose addRemoteTarball   'd497e04bc13b3f9a8bd8c70bb0cdc16f2e028898' ]
206 silly lockFile f27a90a0-express-4-9-5 express@4.9.5
207 silly lockFile f27a90a0-express-4-9-5 express@4.9.5
208 info retry fetch attempt 1 at 23:49:57
209 verbose fetch to= /var/folders/51/w_21w83d5g728xrw63j_cg880000gn/T/npm-55622-I3TR_tOP/registry.npmjs.org/jade/-/jade-1.6.0.tgz
210 silly lockFile 6ae7fa08-express-4-9-0 express@~4.9.0
211 silly lockFile 6ae7fa08-express-4-9-0 express@~4.9.0
212 info retry fetch attempt 1 at 23:49:57
213 verbose fetch to= /var/folders/51/w_21w83d5g728xrw63j_cg880000gn/T/npm-55622-I3TR_tOP/registry.npmjs.org/morgan/-/morgan-1.3.2.tgz
214 info retry fetch attempt 1 at 23:49:57
215 verbose fetch to= /var/folders/51/w_21w83d5g728xrw63j_cg880000gn/T/npm-55622-I3TR_tOP/registry.npmjs.org/body-parser/-/body-parser-1.8.4.tgz
216 info retry fetch attempt 1 at 23:49:57
217 verbose fetch to= /var/folders/51/w_21w83d5g728xrw63j_cg880000gn/T/npm-55622-I3TR_tOP/registry.npmjs.org/serve-favicon/-/serve-favicon-2.1.5.tgz
218 http GET https://registry.npmjs.org/jade/-/jade-1.6.0.tgz
219 http GET https://registry.npmjs.org/morgan/-/morgan-1.3.2.tgz
220 http GET https://registry.npmjs.org/body-parser/-/body-parser-1.8.4.tgz
221 http GET https://registry.npmjs.org/serve-favicon/-/serve-favicon-2.1.5.tgz
222 http 200 https://registry.npmjs.org/jade/-/jade-1.6.0.tgz
223 http 200 https://registry.npmjs.org/serve-favicon/-/serve-favicon-2.1.5.tgz
224 http 200 https://registry.npmjs.org/morgan/-/morgan-1.3.2.tgz
225 http 200 https://registry.npmjs.org/body-parser/-/body-parser-1.8.4.tgz
226 silly lockFile cac8e271-pmjs-org-morgan-morgan-1-3-2-tgz https://registry.npmjs.org/morgan/-/morgan-1.3.2.tgz
227 silly lockFile cac8e271-pmjs-org-morgan-morgan-1-3-2-tgz https://registry.npmjs.org/morgan/-/morgan-1.3.2.tgz
228 silly lockFile 7e2b41c6-morgan-1-3-2 morgan@1.3.2
229 silly lockFile 7e2b41c6-morgan-1-3-2 morgan@1.3.2
230 silly lockFile a4a9bdf4-morgan-1-3-0 morgan@~1.3.0
231 silly lockFile a4a9bdf4-morgan-1-3-0 morgan@~1.3.0
232 silly lockFile 13055578--favicon-serve-favicon-2-1-5-tgz https://registry.npmjs.org/serve-favicon/-/serve-favicon-2.1.5.tgz
233 silly lockFile 13055578--favicon-serve-favicon-2-1-5-tgz https://registry.npmjs.org/serve-favicon/-/serve-favicon-2.1.5.tgz
234 silly lockFile f49d9e7e-serve-favicon-2-1-5 serve-favicon@2.1.5
235 silly lockFile f49d9e7e-serve-favicon-2-1-5 serve-favicon@2.1.5
236 silly lockFile 58a51cf2-ody-parser-body-parser-1-8-4-tgz https://registry.npmjs.org/body-parser/-/body-parser-1.8.4.tgz
237 silly lockFile 58a51cf2-ody-parser-body-parser-1-8-4-tgz https://registry.npmjs.org/body-parser/-/body-parser-1.8.4.tgz
238 silly lockFile 38295489-serve-favicon-2-1-3 serve-favicon@~2.1.3
239 silly lockFile 38295489-serve-favicon-2-1-3 serve-favicon@~2.1.3
240 silly lockFile 5cba912c-body-parser-1-8-4 body-parser@1.8.4
241 silly lockFile 5cba912c-body-parser-1-8-4 body-parser@1.8.4
242 silly lockFile a49948c1-body-parser-1-8-1 body-parser@~1.8.1
243 silly lockFile a49948c1-body-parser-1-8-1 body-parser@~1.8.1
244 silly lockFile 7bdc82f5-ry-npmjs-org-jade-jade-1-6-0-tgz https://registry.npmjs.org/jade/-/jade-1.6.0.tgz
245 silly lockFile 7bdc82f5-ry-npmjs-org-jade-jade-1-6-0-tgz https://registry.npmjs.org/jade/-/jade-1.6.0.tgz
246 silly lockFile c06071bd-jade-1-6-0 jade@1.6.0
247 silly lockFile c06071bd-jade-1-6-0 jade@1.6.0
248 silly lockFile ad8c17a8-jade-1-6-0 jade@~1.6.0
249 silly lockFile ad8c17a8-jade-1-6-0 jade@~1.6.0
250 http 200 https://registry.npmjs.org/cookie-parser
251 silly registry.get cb [ 200,
251 silly registry.get   { date: 'Mon, 06 Oct 2014 21:49:58 GMT',
251 silly registry.get     server: 'CouchDB/1.5.0 (Erlang OTP/R16B03)',
251 silly registry.get     etag: '"D2I21Z55J0M83YHA636O1DW9K"',
251 silly registry.get     'content-type': 'application/json',
251 silly registry.get     'cache-control': 'max-age=60',
251 silly registry.get     'content-length': '14080',
251 silly registry.get     'accept-ranges': 'bytes',
251 silly registry.get     via: '1.1 varnish',
251 silly registry.get     age: '4434',
251 silly registry.get     'x-served-by': 'cache-ams4122-AMS',
251 silly registry.get     'x-cache': 'HIT',
251 silly registry.get     'x-cache-hits': '1',
251 silly registry.get     'x-timer': 'S1412632197.375127,VS0,VE689',
251 silly registry.get     vary: 'Accept',
251 silly registry.get     'keep-alive': 'timeout=10, max=50',
251 silly registry.get     connection: 'Keep-Alive' } ]
252 silly addNameRange number 2 { name: 'cookie-parser',
252 silly addNameRange   range: '>=1.3.3-0 <1.4.0-0',
252 silly addNameRange   hasData: true }
253 silly addNameRange versions [ 'cookie-parser',
253 silly addNameRange   [ '1.0.0',
253 silly addNameRange     '1.0.1',
253 silly addNameRange     '1.1.0',
253 silly addNameRange     '1.2.0',
253 silly addNameRange     '1.3.0',
253 silly addNameRange     '1.3.1',
253 silly addNameRange     '1.3.2',
253 silly addNameRange     '1.3.3' ] ]
254 verbose addNamed [ 'cookie-parser', '1.3.3' ]
255 verbose addNamed [ '1.3.3', '1.3.3' ]
256 silly lockFile 68450bd4-cookie-parser-1-3-3 cookie-parser@1.3.3
257 verbose lock cookie-parser@1.3.3 /Users/Vinod/.npm/68450bd4-cookie-parser-1-3-3.lock
258 silly lockFile 864e7377-e-parser-cookie-parser-1-3-3-tgz https://registry.npmjs.org/cookie-parser/-/cookie-parser-1.3.3.tgz
259 verbose lock https://registry.npmjs.org/cookie-parser/-/cookie-parser-1.3.3.tgz /Users/Vinod/.npm/864e7377-e-parser-cookie-parser-1-3-3-tgz.lock
260 verbose addRemoteTarball [ 'https://registry.npmjs.org/cookie-parser/-/cookie-parser-1.3.3.tgz',
260 verbose addRemoteTarball   '7e3a2c745f4b460d5a340e578a0baa5d7725fe37' ]
261 info retry fetch attempt 1 at 23:49:58
262 verbose fetch to= /var/folders/51/w_21w83d5g728xrw63j_cg880000gn/T/npm-55622-I3TR_tOP/registry.npmjs.org/cookie-parser/-/cookie-parser-1.3.3.tgz
263 http GET https://registry.npmjs.org/cookie-parser/-/cookie-parser-1.3.3.tgz
264 http 200 https://registry.npmjs.org/cookie-parser/-/cookie-parser-1.3.3.tgz
265 silly lockFile 864e7377-e-parser-cookie-parser-1-3-3-tgz https://registry.npmjs.org/cookie-parser/-/cookie-parser-1.3.3.tgz
266 silly lockFile 864e7377-e-parser-cookie-parser-1-3-3-tgz https://registry.npmjs.org/cookie-parser/-/cookie-parser-1.3.3.tgz
267 silly lockFile 68450bd4-cookie-parser-1-3-3 cookie-parser@1.3.3
268 silly lockFile 68450bd4-cookie-parser-1-3-3 cookie-parser@1.3.3
269 silly lockFile bf5babd8-cookie-parser-1-3-3 cookie-parser@~1.3.3
270 silly lockFile bf5babd8-cookie-parser-1-3-3 cookie-parser@~1.3.3
271 error Error: EACCES, mkdir '/Users/Vinod/.npm/jade/1.6.0'
271 error  { [Error: EACCES, mkdir '/Users/Vinod/.npm/jade/1.6.0']
271 error   errno: 3,
271 error   code: 'EACCES',
271 error   path: '/Users/Vinod/.npm/jade/1.6.0',
271 error   parent: 'translation' }
272 error Please try running this command again as root/Administrator.
273 error System Darwin 14.0.0
274 error command "node" "/usr/local/bin/npm" "install"
275 error cwd /Users/Vinod/Repository (Repo)/Node.js/translation
276 error node -v v0.10.32
277 error npm -v 1.4.28
278 error path /Users/Vinod/.npm/jade/1.6.0
279 error code EACCES
280 error errno 3
281 error stack Error: EACCES, mkdir '/Users/Vinod/.npm/jade/1.6.0'
282 verbose exit [ 3, true ]
